<?xml version="1.0" encoding="UTF-8"?>
<!-- Generated by org.testng.reporters.JUnitReportReporter -->
<testsuite hostname="DESKTOP-UE8LSC2" failures="0" tests="1" name="Amazon_project.GTM_projects.Testcase4" time="29.127" errors="0" timestamp="2024-05-15T11:31:44 IST" skipped="0">
  <testcase classname="Amazon_project.GTM_projects.Testcase4" name="edit_profile" time="29.127"/>
  <system-out/>
</testsuite> <!-- Amazon_project.GTM_projects.Testcase4 -->
