<?xml version="1.0" encoding="UTF-8"?>
<!-- Generated by org.testng.reporters.JUnitReportReporter -->
<testsuite hostname="DESKTOP-UE8LSC2" failures="0" tests="1" name="Amazon_project.GTM_projects.Testcase8" time="24.263" errors="0" timestamp="2024-05-14T13:00:06 IST" skipped="0">
  <testcase classname="Amazon_project.GTM_projects.Testcase8" name="sort_the_product" time="24.263"/>
  <system-out/>
</testsuite> <!-- Amazon_project.GTM_projects.Testcase8 -->
