<?xml version="1.0" encoding="UTF-8"?>
<!-- Generated by org.testng.reporters.JUnitReportReporter -->
<testsuite hostname="DESKTOP-UE8LSC2" failures="0" tests="1" name="Amazon_project.GTM_projects.Testcase10" time="43.736" errors="0" timestamp="2024-05-14T13:05:05 IST" skipped="0">
  <testcase classname="Amazon_project.GTM_projects.Testcase10" name="edit_cart" time="43.736"/>
  <system-out/>
</testsuite> <!-- Amazon_project.GTM_projects.Testcase10 -->
