<?xml version="1.0" encoding="UTF-8"?>
<!-- Generated by org.testng.reporters.JUnitReportReporter -->
<testsuite hostname="DESKTOP-UE8LSC2" failures="0" tests="1" name="Amazon_project.GTM_projects.Testcase1" time="23.745" errors="0" timestamp="2024-05-14T12:05:17 IST" skipped="0">
  <testcase classname="Amazon_project.GTM_projects.Testcase1" name="registration_amazon" time="23.745"/>
  <system-out/>
</testsuite> <!-- Amazon_project.GTM_projects.Testcase1 -->
