<?xml version="1.0" encoding="UTF-8"?>
<!-- Generated by org.testng.reporters.JUnitReportReporter -->
<testsuite hostname="DESKTOP-UE8LSC2" failures="0" tests="1" name="Amazon_project.GTM_projects.Testcase14" time="20.590" errors="0" timestamp="2024-05-14T18:11:12 IST" skipped="0">
  <testcase classname="Amazon_project.GTM_projects.Testcase14" name="five_star_ratings" time="20.590"/>
  <system-out/>
</testsuite> <!-- Amazon_project.GTM_projects.Testcase14 -->
