<?xml version="1.0" encoding="UTF-8"?>
<!-- Generated by org.testng.reporters.JUnitReportReporter -->
<testsuite hostname="DESKTOP-UE8LSC2" failures="0" tests="1" name="Amazon_project.GTM_projects.Testcase11" time="58.826" errors="0" timestamp="2024-05-15T12:13:11 IST" skipped="0">
  <testcase classname="Amazon_project.GTM_projects.Testcase11" name="checkout_process" time="58.826"/>
  <system-out/>
</testsuite> <!-- Amazon_project.GTM_projects.Testcase11 -->
