<?xml version="1.0" encoding="UTF-8"?>
<!-- Generated by org.testng.reporters.JUnitReportReporter -->
<testsuite hostname="DESKTOP-UE8LSC2" failures="0" tests="1" name="Amazon_project.GTM_projects.Testcase7" time="42.408" errors="0" timestamp="2024-05-14T12:54:05 IST" skipped="0">
  <testcase classname="Amazon_project.GTM_projects.Testcase7" name="product_details" time="42.408"/>
  <system-out/>
</testsuite> <!-- Amazon_project.GTM_projects.Testcase7 -->
