<?xml version="1.0" encoding="UTF-8"?>
<!-- Generated by org.testng.reporters.JUnitReportReporter -->
<testsuite hostname="DESKTOP-UE8LSC2" failures="0" tests="1" name="Amazon_project.GTM_projects.Testcase13" time="42.729" errors="0" timestamp="2024-05-14T17:46:34 IST" skipped="0">
  <testcase classname="Amazon_project.GTM_projects.Testcase13" name="coupon_code" time="42.729"/>
  <system-out/>
</testsuite> <!-- Amazon_project.GTM_projects.Testcase13 -->
