<?xml version="1.0" encoding="UTF-8"?>
<!-- Generated by org.testng.reporters.JUnitReportReporter -->
<testsuite hostname="DESKTOP-UE8LSC2" failures="0" tests="1" name="Amazon_project.GTM_projects.Testcase15" time="34.296" errors="0" timestamp="2024-05-14T18:12:20 IST" skipped="0">
  <testcase classname="Amazon_project.GTM_projects.Testcase15" name="reach_till_cart1" time="34.296"/>
  <system-out/>
</testsuite> <!-- Amazon_project.GTM_projects.Testcase15 -->
