<?xml version="1.0" encoding="UTF-8"?>
<!-- Generated by org.testng.reporters.JUnitReportReporter -->
<testsuite hostname="DESKTOP-UE8LSC2" failures="0" tests="1" name="Amazon_project.GTM_projects.Testcase2" time="21.438" errors="0" timestamp="2024-06-11T12:25:27 IST" skipped="0">
  <testcase classname="Amazon_project.GTM_projects.Testcase2" name="signin" time="21.438"/>
  <system-out/>
</testsuite> <!-- Amazon_project.GTM_projects.Testcase2 -->
