<?xml version="1.0" encoding="UTF-8"?>
<!-- Generated by org.testng.reporters.JUnitReportReporter -->
<testsuite hostname="DESKTOP-UE8LSC2" failures="0" tests="1" name="Amazon_project.GTM_projects.Testcase9" time="32.241" errors="0" timestamp="2024-05-14T13:02:43 IST" skipped="0">
  <testcase classname="Amazon_project.GTM_projects.Testcase9" name="product_details" time="32.241"/>
  <system-out/>
</testsuite> <!-- Amazon_project.GTM_projects.Testcase9 -->
